    OpenRGB v0.9
    Commit:  from 
    Launched: 20250117_214247
====================================================================================================

1001  |Info:    Saving detector settings
1002  |Info:    ------------------------------------------------------
1002  |Info:    |               Start device detection               |
1002  |Info:    ------------------------------------------------------
1002  |Info:    Initializing HID interfaces: Success
1007  |Info:    ------------------------------------------------------
1007  |Info:    |             Detecting I2C interfaces               |
1007  |Info:    ------------------------------------------------------
1007  |Info:    Registering I2C interface: /dev/i2c-3 Device 8086:56A5 Subsystem: 1EF7:1293
1007  |Warning: [i2c_smbus_linux] Failed to read i2c device PCI device ID
1007  |Info:    Registering I2C interface: /dev/i2c-10 Device 0000:0000 Subsystem: 0000:0000
1007  |Info:    Registering I2C interface: /dev/i2c-1 Device 1022:790B Subsystem: 1462:7C35
1007  |Info:    Registering I2C interface: /dev/i2c-15 Device 10DE:2206 Subsystem: 1462:3892
1007  |Info:    Registering I2C interface: /dev/i2c-13 Device 10DE:2206 Subsystem: 1462:3892
1007  |Info:    Registering I2C interface: /dev/i2c-4 Device 8086:56A5 Subsystem: 1EF7:1293
1007  |Info:    Registering I2C interface: /dev/i2c-2 Device 1022:790B Subsystem: 1462:7C35
1007  |Info:    Registering I2C interface: /dev/i2c-0 Device 1022:790B Subsystem: 1462:7C35
1007  |Info:    Registering I2C interface: /dev/i2c-7 Device 8086:56A5 Subsystem: 1EF7:1293
1007  |Info:    Registering I2C interface: /dev/i2c-14 Device 10DE:2206 Subsystem: 1462:3892
1007  |Info:    Registering I2C interface: /dev/i2c-12 Device 10DE:2206 Subsystem: 1462:3892
1007  |Info:    ------------------------------------------------------
1007  |Info:    |               Detecting I2C devices                |
1007  |Info:    ------------------------------------------------------
1831  |Info:    ------------------------------------------------------
1831  |Info:    |               Detecting I2C PCI devices            |
1831  |Info:    ------------------------------------------------------
1832  |Info:    ------------------------------------------------------
1832  |Info:    |               Detecting HID devices                |
1832  |Info:    ------------------------------------------------------
1901  |Info:    [MSI MEG X570 ACE (MS-7C35)] Registering RGB controller
1901  |Info:    ------------------------------------------------------
1901  |Info:    |            Detecting libusb HID devices            |
1901  |Info:    ------------------------------------------------------
1935  |Info:    ------------------------------------------------------
1935  |Info:    |              Detecting other devices               |
1935  |Info:    ------------------------------------------------------
1943  |Info:    ------------------------------------------------------
1943  |Info:    |                Detection completed                 |
1943  |Info:    ------------------------------------------------------
1943  |Dialog:  <h2>WARNING:</h2><p>One or more I2C/SMBus interfaces failed to initialize.</p><p>RGB DRAM modules and some motherboards' onboard RGB lighting will not be available without I2C/SMBus.</p><p>On Linux, this is usually because the i2c-dev module is not loaded.  You must load the i2c-dev module along with the correct i2c driver for your motherboard.  This is usually i2c-piix4 for AMD systems and i2c-i801 for Intel systems.</p><p>See <a href='https://help.openrgb.org/'>help.openrgb.org</a> for additional troubleshooting steps if you keep seeing this message.<br></p>
