    OpenRGB v0.9
    Commit:  from 
    Launched: 20250417_011434
====================================================================================================

0     |Info:    Found file: bob.orp attempting to validate header
0     |Info:    Valid v4 profile found for bob
1001  |Info:    ------------------------------------------------------
1001  |Info:    |               Start device detection               |
1001  |Info:    ------------------------------------------------------
1001  |Info:    Initializing HID interfaces: Success
1007  |Info:    ------------------------------------------------------
1007  |Info:    |             Detecting I2C interfaces               |
1007  |Info:    ------------------------------------------------------
1007  |Info:    Registering I2C interface: /dev/i2c-3 Device 1002:7550 Subsystem: 148C:2435
1007  |Warning: [i2c_smbus_linux] Failed to read i2c device PCI device ID
1007  |Info:    Registering I2C interface: /dev/i2c-10 Device 0000:0000 Subsystem: 0000:0000
1008  |Info:    Registering I2C interface: /dev/i2c-1 Device 1022:790B Subsystem: 1462:7C35
1008  |Info:    Registering I2C interface: /dev/i2c-8 Device 1002:7550 Subsystem: 148C:2435
1008  |Info:    Registering I2C interface: /dev/i2c-6 Device 1002:7550 Subsystem: 148C:2435
1008  |Info:    Registering I2C interface: /dev/i2c-4 Device 1002:7550 Subsystem: 148C:2435
1008  |Warning: [i2c_smbus_linux] Failed to read i2c device PCI device ID
1008  |Info:    Registering I2C interface: /dev/i2c-11 Device 0000:0000 Subsystem: 0000:0000
1008  |Info:    Registering I2C interface: /dev/i2c-2 Device 1022:790B Subsystem: 1462:7C35
1008  |Info:    Registering I2C interface: /dev/i2c-0 Device 1022:790B Subsystem: 1462:7C35
1008  |Warning: [i2c_smbus_linux] Failed to read i2c device PCI device ID
1008  |Info:    Registering I2C interface: /dev/i2c-9 Device 0000:0000 Subsystem: 0000:0000
1013  |Info:    Registering I2C interface: /dev/i2c-7 Device 1002:7550 Subsystem: 148C:2435
1013  |Info:    Registering I2C interface: /dev/i2c-5 Device 1002:7550 Subsystem: 148C:2435
1013  |Info:    ------------------------------------------------------
1013  |Info:    |               Detecting I2C devices                |
1013  |Info:    ------------------------------------------------------
1290  |Info:    [ENE DRAM] Registering RGB controller
1467  |Info:    [ENE DRAM] Registering RGB controller
1631  |Info:    [ENE DRAM] Registering RGB controller
1796  |Info:    [ENE DRAM] Registering RGB controller
2682  |Info:    ------------------------------------------------------
2682  |Info:    |               Detecting I2C PCI devices            |
2682  |Info:    ------------------------------------------------------
2682  |Info:    ------------------------------------------------------
2682  |Info:    |               Detecting HID devices                |
2682  |Info:    ------------------------------------------------------
2750  |Info:    [MSI MEG X570 ACE (MS-7C35)] Registering RGB controller
2750  |Info:    ------------------------------------------------------
2750  |Info:    |            Detecting libusb HID devices            |
2750  |Info:    ------------------------------------------------------
2770  |Info:    ------------------------------------------------------
2770  |Info:    |              Detecting other devices               |
2770  |Info:    ------------------------------------------------------
2776  |Info:    ------------------------------------------------------
2776  |Info:    |                Detection completed                 |
2776  |Info:    ------------------------------------------------------
186020|Info:    Found file: bob.orp attempting to validate header
186020|Info:    Valid v4 profile found for bob
199044|Info:    Found file: low white.orp attempting to validate header
199044|Info:    Valid v4 profile found for low white
215615|Info:    Profile loading: Succeeded for ENE DRAM @ I2C: /dev/i2c-0, address 0x71
215615|Info:    Profile loading: Succeeded for ENE DRAM @ I2C: /dev/i2c-0, address 0x73
215615|Info:    Profile loading: Succeeded for ENE DRAM @ I2C: /dev/i2c-0, address 0x74
215615|Info:    Profile loading: Succeeded for ENE DRAM @ I2C: /dev/i2c-0, address 0x75
215615|Info:    Profile loading: Succeeded for MSI MEG X570 ACE (MS-7C35) @ HID: /dev/hidraw1
264681|Info:    Profile loading: Succeeded for ENE DRAM @ I2C: /dev/i2c-0, address 0x71
264681|Info:    Profile loading: Succeeded for ENE DRAM @ I2C: /dev/i2c-0, address 0x73
264681|Info:    Profile loading: Succeeded for ENE DRAM @ I2C: /dev/i2c-0, address 0x74
264681|Info:    Profile loading: Succeeded for ENE DRAM @ I2C: /dev/i2c-0, address 0x75
264681|Info:    Profile loading: Succeeded for MSI MEG X570 ACE (MS-7C35) @ HID: /dev/hidraw1
340329|Info:    Profile loading: Succeeded for ENE DRAM @ I2C: /dev/i2c-0, address 0x71
340329|Info:    Profile loading: Succeeded for ENE DRAM @ I2C: /dev/i2c-0, address 0x73
340329|Info:    Profile loading: Succeeded for ENE DRAM @ I2C: /dev/i2c-0, address 0x74
340329|Info:    Profile loading: Succeeded for ENE DRAM @ I2C: /dev/i2c-0, address 0x75
340329|Info:    Profile loading: Succeeded for MSI MEG X570 ACE (MS-7C35) @ HID: /dev/hidraw1
348590|Info:    Profile loading: Succeeded for ENE DRAM @ I2C: /dev/i2c-0, address 0x71
348590|Info:    Profile loading: Succeeded for ENE DRAM @ I2C: /dev/i2c-0, address 0x73
348590|Info:    Profile loading: Succeeded for ENE DRAM @ I2C: /dev/i2c-0, address 0x74
348590|Info:    Profile loading: Succeeded for ENE DRAM @ I2C: /dev/i2c-0, address 0x75
348590|Info:    Profile loading: Succeeded for MSI MEG X570 ACE (MS-7C35) @ HID: /dev/hidraw1
359871|Info:    Profile loading: Succeeded for ENE DRAM @ I2C: /dev/i2c-0, address 0x71
359871|Info:    Profile loading: Succeeded for ENE DRAM @ I2C: /dev/i2c-0, address 0x73
359871|Info:    Profile loading: Succeeded for ENE DRAM @ I2C: /dev/i2c-0, address 0x74
359871|Info:    Profile loading: Succeeded for ENE DRAM @ I2C: /dev/i2c-0, address 0x75
359871|Info:    Profile loading: Succeeded for MSI MEG X570 ACE (MS-7C35) @ HID: /dev/hidraw1
360621|Info:    Profile loading: Succeeded for ENE DRAM @ I2C: /dev/i2c-0, address 0x71
360621|Info:    Profile loading: Succeeded for ENE DRAM @ I2C: /dev/i2c-0, address 0x73
360621|Info:    Profile loading: Succeeded for ENE DRAM @ I2C: /dev/i2c-0, address 0x74
360621|Info:    Profile loading: Succeeded for ENE DRAM @ I2C: /dev/i2c-0, address 0x75
360621|Info:    Profile loading: Succeeded for MSI MEG X570 ACE (MS-7C35) @ HID: /dev/hidraw1
360783|Info:    Profile loading: Succeeded for ENE DRAM @ I2C: /dev/i2c-0, address 0x71
360783|Info:    Profile loading: Succeeded for ENE DRAM @ I2C: /dev/i2c-0, address 0x73
360783|Info:    Profile loading: Succeeded for ENE DRAM @ I2C: /dev/i2c-0, address 0x74
360783|Info:    Profile loading: Succeeded for ENE DRAM @ I2C: /dev/i2c-0, address 0x75
360783|Info:    Profile loading: Succeeded for MSI MEG X570 ACE (MS-7C35) @ HID: /dev/hidraw1
