    OpenRGB v0.9
    Commit:  from 
    Launched: 20250416_220212
====================================================================================================

0     |Info:    Found file: bob.orp attempting to validate header
0     |Info:    Valid v4 profile found for bob
1002  |Info:    ------------------------------------------------------
1002  |Info:    |               Start device detection               |
1002  |Info:    ------------------------------------------------------
1002  |Info:    Initializing HID interfaces: Success
1007  |Info:    ------------------------------------------------------
1007  |Info:    |             Detecting I2C interfaces               |
1007  |Info:    ------------------------------------------------------
1007  |Info:    Registering I2C interface: /dev/i2c-3 Device 1002:7550 Subsystem: 148C:2435
1008  |Warning: [i2c_smbus_linux] Failed to read i2c device PCI device ID
1008  |Info:    Registering I2C interface: /dev/i2c-10 Device 0000:0000 Subsystem: 0000:0000
1008  |Info:    Registering I2C interface: /dev/i2c-1 Device 1022:790B Subsystem: 1462:7C35
1008  |Info:    Registering I2C interface: /dev/i2c-8 Device 1002:7550 Subsystem: 148C:2435
1008  |Info:    Registering I2C interface: /dev/i2c-6 Device 1002:7550 Subsystem: 148C:2435
1008  |Info:    Registering I2C interface: /dev/i2c-4 Device 1002:7550 Subsystem: 148C:2435
1008  |Warning: [i2c_smbus_linux] Failed to read i2c device PCI device ID
1008  |Info:    Registering I2C interface: /dev/i2c-11 Device 0000:0000 Subsystem: 0000:0000
1008  |Info:    Registering I2C interface: /dev/i2c-2 Device 1022:790B Subsystem: 1462:7C35
1008  |Info:    Registering I2C interface: /dev/i2c-0 Device 1022:790B Subsystem: 1462:7C35
1008  |Warning: [i2c_smbus_linux] Failed to read i2c device PCI device ID
1008  |Info:    Registering I2C interface: /dev/i2c-9 Device 0000:0000 Subsystem: 0000:0000
1008  |Info:    Registering I2C interface: /dev/i2c-7 Device 1002:7550 Subsystem: 148C:2435
1008  |Info:    Registering I2C interface: /dev/i2c-5 Device 1002:7550 Subsystem: 148C:2435
1008  |Info:    ------------------------------------------------------
1008  |Info:    |               Detecting I2C devices                |
1008  |Info:    ------------------------------------------------------
1349  |Info:    [ENE DRAM] Registering RGB controller
1528  |Info:    [ENE DRAM] Registering RGB controller
1692  |Info:    [ENE DRAM] Registering RGB controller
1859  |Info:    [ENE DRAM] Registering RGB controller
2748  |Info:    ------------------------------------------------------
2748  |Info:    |               Detecting I2C PCI devices            |
2748  |Info:    ------------------------------------------------------
2748  |Info:    ------------------------------------------------------
2748  |Info:    |               Detecting HID devices                |
2748  |Info:    ------------------------------------------------------
2819  |Info:    [MSI MEG X570 ACE (MS-7C35)] Registering RGB controller
2819  |Info:    ------------------------------------------------------
2819  |Info:    |            Detecting libusb HID devices            |
2819  |Info:    ------------------------------------------------------
2848  |Info:    ------------------------------------------------------
2848  |Info:    |              Detecting other devices               |
2848  |Info:    ------------------------------------------------------
2854  |Info:    ------------------------------------------------------
2854  |Info:    |                Detection completed                 |
2854  |Info:    ------------------------------------------------------
