    OpenRGB v0.9
    Commit:  from 
    Launched: 20250416_220727
====================================================================================================

0     |Info:    Found file: bob.orp attempting to validate header
0     |Info:    Valid v4 profile found for bob
1001  |Info:    ------------------------------------------------------
1001  |Info:    |               Start device detection               |
1001  |Info:    ------------------------------------------------------
1002  |Info:    Initializing HID interfaces: Success
1007  |Info:    ------------------------------------------------------
1007  |Info:    |             Detecting I2C interfaces               |
1007  |Info:    ------------------------------------------------------
1007  |Info:    Registering I2C interface: /dev/i2c-3 Device 1002:7550 Subsystem: 148C:2435
1008  |Warning: [i2c_smbus_linux] Failed to read i2c device PCI device ID
1008  |Info:    Registering I2C interface: /dev/i2c-10 Device 0000:0000 Subsystem: 0000:0000
1008  |Info:    Registering I2C interface: /dev/i2c-1 Device 1022:790B Subsystem: 1462:7C35
1013  |Info:    Registering I2C interface: /dev/i2c-8 Device 1002:7550 Subsystem: 148C:2435
1013  |Info:    Registering I2C interface: /dev/i2c-6 Device 1002:7550 Subsystem: 148C:2435
1013  |Info:    Registering I2C interface: /dev/i2c-4 Device 1002:7550 Subsystem: 148C:2435
1013  |Warning: [i2c_smbus_linux] Failed to read i2c device PCI device ID
1013  |Info:    Registering I2C interface: /dev/i2c-11 Device 0000:0000 Subsystem: 0000:0000
1013  |Info:    Registering I2C interface: /dev/i2c-2 Device 1022:790B Subsystem: 1462:7C35
1013  |Info:    Registering I2C interface: /dev/i2c-0 Device 1022:790B Subsystem: 1462:7C35
1013  |Warning: [i2c_smbus_linux] Failed to read i2c device PCI device ID
1013  |Info:    Registering I2C interface: /dev/i2c-9 Device 0000:0000 Subsystem: 0000:0000
1013  |Info:    Registering I2C interface: /dev/i2c-7 Device 1002:7550 Subsystem: 148C:2435
1014  |Info:    Registering I2C interface: /dev/i2c-5 Device 1002:7550 Subsystem: 148C:2435
1014  |Info:    ------------------------------------------------------
1014  |Info:    |               Detecting I2C devices                |
1014  |Info:    ------------------------------------------------------
1290  |Info:    [ENE DRAM] Registering RGB controller
1468  |Info:    [ENE DRAM] Registering RGB controller
1633  |Info:    [ENE DRAM] Registering RGB controller
1799  |Info:    [ENE DRAM] Registering RGB controller
2686  |Info:    ------------------------------------------------------
2686  |Info:    |               Detecting I2C PCI devices            |
2686  |Info:    ------------------------------------------------------
2686  |Info:    ------------------------------------------------------
2686  |Info:    |               Detecting HID devices                |
2686  |Info:    ------------------------------------------------------
2758  |Info:    [MSI MEG X570 ACE (MS-7C35)] Registering RGB controller
2758  |Info:    ------------------------------------------------------
2758  |Info:    |            Detecting libusb HID devices            |
2758  |Info:    ------------------------------------------------------
2774  |Info:    ------------------------------------------------------
2774  |Info:    |              Detecting other devices               |
2774  |Info:    ------------------------------------------------------
2780  |Info:    ------------------------------------------------------
2780  |Info:    |                Detection completed                 |
2780  |Info:    ------------------------------------------------------
