    OpenRGB v0.9
    Commit:  from 
    Launched: 20250427_021732
====================================================================================================

0     |Info:    Found file: low white.orp attempting to validate header
0     |Info:    Valid v4 profile found for low white
1002  |Info:    ------------------------------------------------------
1002  |Info:    |               Start device detection               |
1002  |Info:    ------------------------------------------------------
1002  |Info:    Initializing HID interfaces: Success
1009  |Info:    ------------------------------------------------------
1009  |Info:    |             Detecting I2C interfaces               |
1009  |Info:    ------------------------------------------------------
1009  |Info:    Registering I2C interface: /dev/i2c-3 Device 1002:7550 Subsystem: 148C:2435
1009  |Warning: [i2c_smbus_linux] Failed to read i2c device PCI device ID
1009  |Info:    Registering I2C interface: /dev/i2c-10 Device 0000:0000 Subsystem: 0000:0000
1010  |Info:    Registering I2C interface: /dev/i2c-1 Device 1022:790B Subsystem: 1462:7C35
1010  |Info:    Registering I2C interface: /dev/i2c-8 Device 1002:7550 Subsystem: 148C:2435
1010  |Info:    Registering I2C interface: /dev/i2c-6 Device 1002:7550 Subsystem: 148C:2435
1010  |Info:    Registering I2C interface: /dev/i2c-4 Device 1002:7550 Subsystem: 148C:2435
1010  |Warning: [i2c_smbus_linux] Failed to read i2c device PCI device ID
1010  |Info:    Registering I2C interface: /dev/i2c-11 Device 0000:0000 Subsystem: 0000:0000
1010  |Info:    Registering I2C interface: /dev/i2c-2 Device 1022:790B Subsystem: 1462:7C35
1010  |Info:    Registering I2C interface: /dev/i2c-0 Device 1022:790B Subsystem: 1462:7C35
1010  |Warning: [i2c_smbus_linux] Failed to read i2c device PCI device ID
1010  |Info:    Registering I2C interface: /dev/i2c-9 Device 0000:0000 Subsystem: 0000:0000
1010  |Info:    Registering I2C interface: /dev/i2c-7 Device 1002:7550 Subsystem: 148C:2435
1010  |Info:    Registering I2C interface: /dev/i2c-5 Device 1002:7550 Subsystem: 148C:2435
1010  |Info:    ------------------------------------------------------
1010  |Info:    |               Detecting I2C devices                |
1010  |Info:    ------------------------------------------------------
2028  |Info:    ------------------------------------------------------
2028  |Info:    |               Detecting I2C PCI devices            |
2028  |Info:    ------------------------------------------------------
2029  |Info:    ------------------------------------------------------
2029  |Info:    |               Detecting HID devices                |
2029  |Info:    ------------------------------------------------------
2093  |Info:    [MSI MEG X570 ACE (MS-7C35)] Registering RGB controller
2093  |Info:    ------------------------------------------------------
2093  |Info:    |            Detecting libusb HID devices            |
2093  |Info:    ------------------------------------------------------
2112  |Info:    ------------------------------------------------------
2112  |Info:    |              Detecting other devices               |
2112  |Info:    ------------------------------------------------------
2120  |Info:    ------------------------------------------------------
2120  |Info:    |                Detection completed                 |
2120  |Info:    ------------------------------------------------------
