    OpenRGB v0.9
    Commit:  from 
    Launched: 20250412_190042
====================================================================================================

0     |Info:    Found file: bob.orp attempting to validate header
8     |Info:    Valid v4 profile found for bob
1010  |Info:    ------------------------------------------------------
1010  |Info:    |               Start device detection               |
1010  |Info:    ------------------------------------------------------
1010  |Info:    Initializing HID interfaces: Success
1016  |Info:    ------------------------------------------------------
1016  |Info:    |             Detecting I2C interfaces               |
1016  |Info:    ------------------------------------------------------
1016  |Info:    Registering I2C interface: /dev/i2c-3 Device 1002:7550 Subsystem: 148C:2435
1016  |Warning: [i2c_smbus_linux] Failed to read i2c device PCI device ID
1016  |Info:    Registering I2C interface: /dev/i2c-10 Device 0000:0000 Subsystem: 0000:0000
1016  |Info:    Registering I2C interface: /dev/i2c-1 Device 1022:790B Subsystem: 1462:7C35
1016  |Info:    Registering I2C interface: /dev/i2c-8 Device 1002:7550 Subsystem: 148C:2435
1016  |Info:    Registering I2C interface: /dev/i2c-6 Device 1002:7550 Subsystem: 148C:2435
1016  |Info:    Registering I2C interface: /dev/i2c-4 Device 1002:7550 Subsystem: 148C:2435
1016  |Warning: [i2c_smbus_linux] Failed to read i2c device PCI device ID
1016  |Info:    Registering I2C interface: /dev/i2c-11 Device 0000:0000 Subsystem: 0000:0000
1016  |Info:    Registering I2C interface: /dev/i2c-2 Device 1022:790B Subsystem: 1462:7C35
1016  |Info:    Registering I2C interface: /dev/i2c-0 Device 1022:790B Subsystem: 1462:7C35
1016  |Warning: [i2c_smbus_linux] Failed to read i2c device PCI device ID
1017  |Info:    Registering I2C interface: /dev/i2c-9 Device 0000:0000 Subsystem: 0000:0000
1017  |Info:    Registering I2C interface: /dev/i2c-7 Device 1002:7550 Subsystem: 148C:2435
1017  |Info:    Registering I2C interface: /dev/i2c-5 Device 1002:7550 Subsystem: 148C:2435
1017  |Info:    ------------------------------------------------------
1017  |Info:    |               Detecting I2C devices                |
1017  |Info:    ------------------------------------------------------
1294  |Info:    [ENE DRAM] Registering RGB controller
1474  |Info:    [ENE DRAM] Registering RGB controller
1640  |Info:    [ENE DRAM] Registering RGB controller
1807  |Info:    [ENE DRAM] Registering RGB controller
2704  |Info:    ------------------------------------------------------
2704  |Info:    |               Detecting I2C PCI devices            |
2704  |Info:    ------------------------------------------------------
2705  |Info:    ------------------------------------------------------
2705  |Info:    |               Detecting HID devices                |
2705  |Info:    ------------------------------------------------------
2773  |Info:    [MSI MEG X570 ACE (MS-7C35)] Registering RGB controller
2773  |Info:    ------------------------------------------------------
2773  |Info:    |            Detecting libusb HID devices            |
2773  |Info:    ------------------------------------------------------
2802  |Info:    ------------------------------------------------------
2802  |Info:    |              Detecting other devices               |
2802  |Info:    ------------------------------------------------------
2807  |Info:    ------------------------------------------------------
2807  |Info:    |                Detection completed                 |
2807  |Info:    ------------------------------------------------------
18202 |Info:    ------------------------------------------------------
18202 |Info:    |               Start device detection               |
18202 |Info:    ------------------------------------------------------
18202 |Info:    Initializing HID interfaces: Success
18207 |Info:    ------------------------------------------------------
18207 |Info:    |             Detecting I2C interfaces               |
18207 |Info:    ------------------------------------------------------
18207 |Info:    Registering I2C interface: /dev/i2c-3 Device 1002:7550 Subsystem: 148C:2435
18207 |Warning: [i2c_smbus_linux] Failed to read i2c device PCI device ID
18207 |Info:    Registering I2C interface: /dev/i2c-10 Device 0000:0000 Subsystem: 0000:0000
18208 |Info:    Registering I2C interface: /dev/i2c-1 Device 1022:790B Subsystem: 1462:7C35
18208 |Info:    Registering I2C interface: /dev/i2c-8 Device 1002:7550 Subsystem: 148C:2435
18208 |Info:    Registering I2C interface: /dev/i2c-6 Device 1002:7550 Subsystem: 148C:2435
18208 |Info:    Registering I2C interface: /dev/i2c-4 Device 1002:7550 Subsystem: 148C:2435
18208 |Warning: [i2c_smbus_linux] Failed to read i2c device PCI device ID
18208 |Info:    Registering I2C interface: /dev/i2c-11 Device 0000:0000 Subsystem: 0000:0000
18208 |Info:    Registering I2C interface: /dev/i2c-2 Device 1022:790B Subsystem: 1462:7C35
18208 |Info:    Registering I2C interface: /dev/i2c-0 Device 1022:790B Subsystem: 1462:7C35
18208 |Warning: [i2c_smbus_linux] Failed to read i2c device PCI device ID
18208 |Info:    Registering I2C interface: /dev/i2c-9 Device 0000:0000 Subsystem: 0000:0000
18208 |Info:    Registering I2C interface: /dev/i2c-7 Device 1002:7550 Subsystem: 148C:2435
18208 |Info:    Registering I2C interface: /dev/i2c-5 Device 1002:7550 Subsystem: 148C:2435
18208 |Info:    ------------------------------------------------------
18208 |Info:    |               Detecting I2C devices                |
18208 |Info:    ------------------------------------------------------
18486 |Info:    [ENE DRAM] Registering RGB controller
18664 |Info:    [ENE DRAM] Registering RGB controller
18830 |Info:    [ENE DRAM] Registering RGB controller
18996 |Info:    [ENE DRAM] Registering RGB controller
19884 |Info:    ------------------------------------------------------
19884 |Info:    |               Detecting I2C PCI devices            |
19884 |Info:    ------------------------------------------------------
19885 |Info:    ------------------------------------------------------
19885 |Info:    |               Detecting HID devices                |
19885 |Info:    ------------------------------------------------------
19952 |Info:    [MSI MEG X570 ACE (MS-7C35)] Registering RGB controller
19952 |Info:    ------------------------------------------------------
19952 |Info:    |            Detecting libusb HID devices            |
19952 |Info:    ------------------------------------------------------
19968 |Info:    ------------------------------------------------------
19968 |Info:    |              Detecting other devices               |
19968 |Info:    ------------------------------------------------------
19969 |Info:    ------------------------------------------------------
19969 |Info:    |                Detection completed                 |
19969 |Info:    ------------------------------------------------------
587278|Info:    Found file: bob.orp attempting to validate header
587278|Info:    Valid v4 profile found for bob
590547|Info:    Found file: bob.orp attempting to validate header
590547|Info:    Valid v4 profile found for bob
807386|Info:    Found file: bob.orp attempting to validate header
807386|Info:    Valid v4 profile found for bob
2097995|Info:    Profile loading: Succeeded for ENE DRAM @ I2C: /dev/i2c-0, address 0x71
2097996|Info:    Profile loading: Succeeded for ENE DRAM @ I2C: /dev/i2c-0, address 0x73
2097996|Info:    Profile loading: Succeeded for ENE DRAM @ I2C: /dev/i2c-0, address 0x74
2097996|Info:    Profile loading: Succeeded for ENE DRAM @ I2C: /dev/i2c-0, address 0x75
2097996|Info:    Profile loading: Succeeded for MSI MEG X570 ACE (MS-7C35) @ HID: /dev/hidraw1
