    OpenRGB v0.9
    Commit:  from 
    Launched: 20250328_024701
====================================================================================================

6     |Info:    Found file: bob.orp attempting to validate header
10    |Info:    Valid v4 profile found for bob
1015  |Info:    ------------------------------------------------------
1015  |Info:    |               Start device detection               |
1015  |Info:    ------------------------------------------------------
1015  |Info:    Initializing HID interfaces: Success
1025  |Info:    ------------------------------------------------------
1025  |Info:    |             Detecting I2C interfaces               |
1025  |Info:    ------------------------------------------------------
1025  |Info:    Registering I2C interface: /dev/i2c-3 Device 1002:7550 Subsystem: 148C:2435
1025  |Warning: [i2c_smbus_linux] Failed to read i2c device PCI device ID
1025  |Info:    Registering I2C interface: /dev/i2c-10 Device 0000:0000 Subsystem: 0000:0000
1025  |Info:    Registering I2C interface: /dev/i2c-1 Device 1022:790B Subsystem: 1462:7C35
1026  |Info:    Registering I2C interface: /dev/i2c-8 Device 1002:7550 Subsystem: 148C:2435
1026  |Info:    Registering I2C interface: /dev/i2c-6 Device 1002:7550 Subsystem: 148C:2435
1026  |Info:    Registering I2C interface: /dev/i2c-4 Device 1002:7550 Subsystem: 148C:2435
1026  |Warning: [i2c_smbus_linux] Failed to read i2c device PCI device ID
1026  |Info:    Registering I2C interface: /dev/i2c-11 Device 0000:0000 Subsystem: 0000:0000
1026  |Info:    Registering I2C interface: /dev/i2c-2 Device 1022:790B Subsystem: 1462:7C35
1026  |Info:    Registering I2C interface: /dev/i2c-0 Device 1022:790B Subsystem: 1462:7C35
1026  |Warning: [i2c_smbus_linux] Failed to read i2c device PCI device ID
1026  |Info:    Registering I2C interface: /dev/i2c-9 Device 0000:0000 Subsystem: 0000:0000
1026  |Info:    Registering I2C interface: /dev/i2c-7 Device 1002:7550 Subsystem: 148C:2435
1026  |Info:    Registering I2C interface: /dev/i2c-5 Device 1002:7550 Subsystem: 148C:2435
1026  |Info:    ------------------------------------------------------
1026  |Info:    |               Detecting I2C devices                |
1026  |Info:    ------------------------------------------------------
1414  |Info:    [ENE DRAM] Registering RGB controller
1602  |Info:    [ENE DRAM] Registering RGB controller
1771  |Info:    [ENE DRAM] Registering RGB controller
1940  |Info:    [ENE DRAM] Registering RGB controller
2834  |Info:    ------------------------------------------------------
2834  |Info:    |               Detecting I2C PCI devices            |
2834  |Info:    ------------------------------------------------------
2835  |Info:    ------------------------------------------------------
2835  |Info:    |               Detecting HID devices                |
2835  |Info:    ------------------------------------------------------
2904  |Info:    [MSI MEG X570 ACE (MS-7C35)] Registering RGB controller
2904  |Info:    ------------------------------------------------------
2904  |Info:    |            Detecting libusb HID devices            |
2904  |Info:    ------------------------------------------------------
2928  |Info:    ------------------------------------------------------
2928  |Info:    |              Detecting other devices               |
2928  |Info:    ------------------------------------------------------
2937  |Info:    ------------------------------------------------------
2937  |Info:    |                Detection completed                 |
2937  |Info:    ------------------------------------------------------
7788  |Info:    ------------------------------------------------------
7788  |Info:    |               Start device detection               |
7788  |Info:    ------------------------------------------------------
7788  |Info:    Initializing HID interfaces: Success
7796  |Info:    ------------------------------------------------------
7796  |Info:    |             Detecting I2C interfaces               |
7796  |Info:    ------------------------------------------------------
7796  |Info:    Registering I2C interface: /dev/i2c-3 Device 1002:7550 Subsystem: 148C:2435
7796  |Warning: [i2c_smbus_linux] Failed to read i2c device PCI device ID
7796  |Info:    Registering I2C interface: /dev/i2c-10 Device 0000:0000 Subsystem: 0000:0000
7797  |Info:    Registering I2C interface: /dev/i2c-1 Device 1022:790B Subsystem: 1462:7C35
7797  |Info:    Registering I2C interface: /dev/i2c-8 Device 1002:7550 Subsystem: 148C:2435
7797  |Info:    Registering I2C interface: /dev/i2c-6 Device 1002:7550 Subsystem: 148C:2435
7797  |Info:    Registering I2C interface: /dev/i2c-4 Device 1002:7550 Subsystem: 148C:2435
7797  |Warning: [i2c_smbus_linux] Failed to read i2c device PCI device ID
7797  |Info:    Registering I2C interface: /dev/i2c-11 Device 0000:0000 Subsystem: 0000:0000
7797  |Info:    Registering I2C interface: /dev/i2c-2 Device 1022:790B Subsystem: 1462:7C35
7797  |Info:    Registering I2C interface: /dev/i2c-0 Device 1022:790B Subsystem: 1462:7C35
7797  |Warning: [i2c_smbus_linux] Failed to read i2c device PCI device ID
7797  |Info:    Registering I2C interface: /dev/i2c-9 Device 0000:0000 Subsystem: 0000:0000
7797  |Info:    Registering I2C interface: /dev/i2c-7 Device 1002:7550 Subsystem: 148C:2435
7797  |Info:    Registering I2C interface: /dev/i2c-5 Device 1002:7550 Subsystem: 148C:2435
7797  |Info:    ------------------------------------------------------
7797  |Info:    |               Detecting I2C devices                |
7797  |Info:    ------------------------------------------------------
8082  |Info:    [ENE DRAM] Registering RGB controller
8263  |Info:    [ENE DRAM] Registering RGB controller
8429  |Info:    [ENE DRAM] Registering RGB controller
8598  |Info:    [ENE DRAM] Registering RGB controller
9487  |Info:    ------------------------------------------------------
9487  |Info:    |               Detecting I2C PCI devices            |
9487  |Info:    ------------------------------------------------------
9488  |Info:    ------------------------------------------------------
9488  |Info:    |               Detecting HID devices                |
9488  |Info:    ------------------------------------------------------
9559  |Info:    [MSI MEG X570 ACE (MS-7C35)] Registering RGB controller
9559  |Info:    ------------------------------------------------------
9559  |Info:    |            Detecting libusb HID devices            |
9559  |Info:    ------------------------------------------------------
9576  |Info:    ------------------------------------------------------
9576  |Info:    |              Detecting other devices               |
9576  |Info:    ------------------------------------------------------
9576  |Info:    ------------------------------------------------------
9576  |Info:    |                Detection completed                 |
9576  |Info:    ------------------------------------------------------
12188 |Info:    Profile loading: Succeeded for ENE DRAM @ I2C: /dev/i2c-0, address 0x71
12188 |Info:    Profile loading: Succeeded for ENE DRAM @ I2C: /dev/i2c-0, address 0x73
12188 |Info:    Profile loading: Succeeded for ENE DRAM @ I2C: /dev/i2c-0, address 0x74
12188 |Info:    Profile loading: Succeeded for ENE DRAM @ I2C: /dev/i2c-0, address 0x75
12188 |Info:    Profile loading: Succeeded for MSI MEG X570 ACE (MS-7C35) @ HID: /dev/hidraw1
25061 |Info:    Profile loading: Succeeded for ENE DRAM @ I2C: /dev/i2c-0, address 0x71
25061 |Info:    Profile loading: Succeeded for ENE DRAM @ I2C: /dev/i2c-0, address 0x73
25061 |Info:    Profile loading: Succeeded for ENE DRAM @ I2C: /dev/i2c-0, address 0x74
25061 |Info:    Profile loading: Succeeded for ENE DRAM @ I2C: /dev/i2c-0, address 0x75
25061 |Info:    Profile loading: Succeeded for MSI MEG X570 ACE (MS-7C35) @ HID: /dev/hidraw1
