    OpenRGB v0.9
    Commit:  from 
    Launched: 20250414_231503
====================================================================================================

0     |Info:    Found file: bob.orp attempting to validate header
0     |Info:    Valid v4 profile found for bob
1002  |Info:    ------------------------------------------------------
1002  |Info:    |               Start device detection               |
1002  |Info:    ------------------------------------------------------
1002  |Info:    Initializing HID interfaces: Success
1010  |Info:    ------------------------------------------------------
1010  |Info:    |             Detecting I2C interfaces               |
1010  |Info:    ------------------------------------------------------
1010  |Info:    Registering I2C interface: /dev/i2c-3 Device 1002:7550 Subsystem: 148C:2435
1010  |Warning: [i2c_smbus_linux] Failed to read i2c device PCI device ID
1010  |Info:    Registering I2C interface: /dev/i2c-10 Device 0000:0000 Subsystem: 0000:0000
1010  |Info:    Registering I2C interface: /dev/i2c-1 Device 1022:790B Subsystem: 1462:7C35
1010  |Info:    Registering I2C interface: /dev/i2c-8 Device 1002:7550 Subsystem: 148C:2435
1010  |Info:    Registering I2C interface: /dev/i2c-6 Device 1002:7550 Subsystem: 148C:2435
1011  |Info:    Registering I2C interface: /dev/i2c-4 Device 1002:7550 Subsystem: 148C:2435
1011  |Warning: [i2c_smbus_linux] Failed to read i2c device PCI device ID
1011  |Info:    Registering I2C interface: /dev/i2c-11 Device 0000:0000 Subsystem: 0000:0000
1011  |Info:    Registering I2C interface: /dev/i2c-2 Device 1022:790B Subsystem: 1462:7C35
1011  |Info:    Registering I2C interface: /dev/i2c-0 Device 1022:790B Subsystem: 1462:7C35
1011  |Warning: [i2c_smbus_linux] Failed to read i2c device PCI device ID
1011  |Info:    Registering I2C interface: /dev/i2c-9 Device 0000:0000 Subsystem: 0000:0000
1011  |Info:    Registering I2C interface: /dev/i2c-7 Device 1002:7550 Subsystem: 148C:2435
1011  |Info:    Registering I2C interface: /dev/i2c-5 Device 1002:7550 Subsystem: 148C:2435
1011  |Info:    ------------------------------------------------------
1011  |Info:    |               Detecting I2C devices                |
1011  |Info:    ------------------------------------------------------
1350  |Info:    [ENE DRAM] Registering RGB controller
1530  |Info:    [ENE DRAM] Registering RGB controller
1700  |Info:    [ENE DRAM] Registering RGB controller
1867  |Info:    [ENE DRAM] Registering RGB controller
2762  |Info:    ------------------------------------------------------
2762  |Info:    |               Detecting I2C PCI devices            |
2762  |Info:    ------------------------------------------------------
2763  |Info:    ------------------------------------------------------
2763  |Info:    |               Detecting HID devices                |
2763  |Info:    ------------------------------------------------------
2833  |Info:    [MSI MEG X570 ACE (MS-7C35)] Registering RGB controller
2833  |Info:    ------------------------------------------------------
2833  |Info:    |            Detecting libusb HID devices            |
2833  |Info:    ------------------------------------------------------
2859  |Info:    ------------------------------------------------------
2859  |Info:    |              Detecting other devices               |
2859  |Info:    ------------------------------------------------------
2865  |Info:    ------------------------------------------------------
2865  |Info:    |                Detection completed                 |
2865  |Info:    ------------------------------------------------------
