    OpenRGB v0.9
    Commit:  from 
    Launched: 20250417_225810
====================================================================================================

0     |Info:    Found file: low white.orp attempting to validate header
0     |Info:    Valid v4 profile found for low white
1001  |Info:    ------------------------------------------------------
1001  |Info:    |               Start device detection               |
1001  |Info:    ------------------------------------------------------
1002  |Info:    Initializing HID interfaces: Success
1009  |Info:    ------------------------------------------------------
1009  |Info:    |             Detecting I2C interfaces               |
1009  |Info:    ------------------------------------------------------
1009  |Info:    Registering I2C interface: /dev/i2c-3 Device 1002:7550 Subsystem: 148C:2435
1009  |Warning: [i2c_smbus_linux] Failed to read i2c device PCI device ID
1009  |Info:    Registering I2C interface: /dev/i2c-10 Device 0000:0000 Subsystem: 0000:0000
1009  |Info:    Registering I2C interface: /dev/i2c-1 Device 1022:790B Subsystem: 1462:7C35
1009  |Info:    Registering I2C interface: /dev/i2c-8 Device 1002:7550 Subsystem: 148C:2435
1009  |Info:    Registering I2C interface: /dev/i2c-6 Device 1002:7550 Subsystem: 148C:2435
1010  |Info:    Registering I2C interface: /dev/i2c-4 Device 1002:7550 Subsystem: 148C:2435
1010  |Warning: [i2c_smbus_linux] Failed to read i2c device PCI device ID
1010  |Info:    Registering I2C interface: /dev/i2c-11 Device 0000:0000 Subsystem: 0000:0000
1010  |Info:    Registering I2C interface: /dev/i2c-2 Device 1022:790B Subsystem: 1462:7C35
1010  |Info:    Registering I2C interface: /dev/i2c-0 Device 1022:790B Subsystem: 1462:7C35
1010  |Warning: [i2c_smbus_linux] Failed to read i2c device PCI device ID
1010  |Info:    Registering I2C interface: /dev/i2c-9 Device 0000:0000 Subsystem: 0000:0000
1010  |Info:    Registering I2C interface: /dev/i2c-7 Device 1002:7550 Subsystem: 148C:2435
1010  |Info:    Registering I2C interface: /dev/i2c-5 Device 1002:7550 Subsystem: 148C:2435
1010  |Info:    ------------------------------------------------------
1010  |Info:    |               Detecting I2C devices                |
1010  |Info:    ------------------------------------------------------
1353  |Info:    [ENE DRAM] Registering RGB controller
1530  |Info:    [ENE DRAM] Registering RGB controller
1694  |Info:    [ENE DRAM] Registering RGB controller
1856  |Info:    [ENE DRAM] Registering RGB controller
2745  |Info:    ------------------------------------------------------
2745  |Info:    |               Detecting I2C PCI devices            |
2745  |Info:    ------------------------------------------------------
2745  |Info:    ------------------------------------------------------
2745  |Info:    |               Detecting HID devices                |
2745  |Info:    ------------------------------------------------------
2806  |Info:    [MSI MEG X570 ACE (MS-7C35)] Registering RGB controller
2806  |Info:    ------------------------------------------------------
2806  |Info:    |            Detecting libusb HID devices            |
2806  |Info:    ------------------------------------------------------
2825  |Info:    ------------------------------------------------------
2825  |Info:    |              Detecting other devices               |
2825  |Info:    ------------------------------------------------------
2833  |Info:    ------------------------------------------------------
2833  |Info:    |                Detection completed                 |
2833  |Info:    ------------------------------------------------------
